Arguments: 
  /usr/local/bin/node /Users/gujinmeng/.yarn/bin/yarn.js add yeoman-generators

PATH: 
  /Users/gujinmeng/.yarn/bin:/Users/gujinmeng/.config/yarn/global/node_modules/.bin:/usr/local/bin:/usr/bin:/bin:/usr/sbin:/sbin

Yarn version: 
  1.22.5

Node version: 
  12.18.3

Platform: 
  darwin x64

Trace: 
  Error: https://registry.npm.taobao.org/yeoman-generators: Not found
      at Request.params.callback [as _callback] (/Users/gujinmeng/.yarn/lib/cli.js:66988:18)
      at Request.self.callback (/Users/gujinmeng/.yarn/lib/cli.js:140749:22)
      at Request.emit (events.js:315:20)
      at Request.<anonymous> (/Users/gujinmeng/.yarn/lib/cli.js:141721:10)
      at Request.emit (events.js:315:20)
      at IncomingMessage.<anonymous> (/Users/gujinmeng/.yarn/lib/cli.js:141643:12)
      at Object.onceWrapper (events.js:421:28)
      at IncomingMessage.emit (events.js:327:22)
      at endReadableNT (_stream_readable.js:1220:12)
      at processTicksAndRejections (internal/process/task_queues.js:84:21)

npm manifest: 
  {
    "name": "generator-gjm-vue",
    "version": "1.0.0",
    "main": "index.js",
    "license": "MIT"
  }

yarn manifest: 
  No manifest

Lockfile: 
  No lockfile
